----------------------------------------------------------------
2014-10-13 07:45:23.258 GMT:
 Booting Derby version The Apache Software Foundation - Apache Derby - 10.5.3.0 - (802917): instance a816c00e-0149-0878-0257-0000085a2bf0
on database directory C:\Users\alessio.finamore\Documents\mineSQL\repository\version\db  

Database Class Loader started - derby.database.classpath=''
----------------------------------------------------------------
2014-10-13 07:45:24.337 GMT:
 Booting Derby version The Apache Software Foundation - Apache Derby - 10.5.3.0 - (802917): instance 888c4022-0149-0878-0257-0000085a2bf0
on database directory C:\Users\alessio.finamore\Documents\mineSQL\repository\workspaces\default\db  

Database Class Loader started - derby.database.classpath=''
----------------------------------------------------------------
2014-10-13 07:45:26.200 GMT:
 Booting Derby version The Apache Software Foundation - Apache Derby - 10.5.3.0 - (802917): instance b9810038-0149-0878-0257-0000085a2bf0
on database directory C:\Users\alessio.finamore\Documents\mineSQL\repository\workspaces\security\db  

Database Class Loader started - derby.database.classpath=''

2014-10-13 07:45:27.136 GMT:
Shutting down instance 888c4022-0149-0878-0257-0000085a2bf0
----------------------------------------------------------------

2014-10-13 07:45:27.248 GMT:
Shutting down instance b9810038-0149-0878-0257-0000085a2bf0
----------------------------------------------------------------

2014-10-13 07:45:27.499 GMT:
Shutting down instance a816c00e-0149-0878-0257-0000085a2bf0
----------------------------------------------------------------
